<?xml version="1.0" encoding="UTF-8"?>
<testng-results ignored="0" total="1" passed="1" failed="0" skipped="0">
  <reporter-output>
  </reporter-output>
  <suite started-at="2025-04-10T08:39:05 IST" name="Default suite" finished-at="2025-04-10T08:39:18 IST" duration-ms="12649">
    <groups>
    </groups>
    <test started-at="2025-04-10T08:39:05 IST" name="Default test" finished-at="2025-04-10T08:39:18 IST" duration-ms="12649">
      <class name="demo.test.Flipkart_Test">
        <test-method is-config="true" signature="setUp()[pri:0, instance:demo.test.Flipkart_Test@121314f7]" started-at="2025-04-10T08:39:05 IST" name="setUp" finished-at="2025-04-10T08:39:08 IST" duration-ms="2679" status="PASS">
          <reporter-output>
          </reporter-output>
        </test-method> <!-- setUp -->
        <test-method signature="flipkart_Assignment()[pri:0, instance:demo.test.Flipkart_Test@121314f7]" started-at="2025-04-10T08:39:08 IST" name="flipkart_Assignment" finished-at="2025-04-10T08:39:17 IST" duration-ms="9833" status="PASS">
          <reporter-output>
          </reporter-output>
        </test-method> <!-- flipkart_Assignment -->
        <test-method is-config="true" signature="tearDown()[pri:0, instance:demo.test.Flipkart_Test@121314f7]" started-at="2025-04-10T08:39:18 IST" name="tearDown" finished-at="2025-04-10T08:39:18 IST" duration-ms="0" status="PASS">
          <reporter-output>
          </reporter-output>
        </test-method> <!-- tearDown -->
      </class> <!-- demo.test.Flipkart_Test -->
    </test> <!-- Default test -->
  </suite> <!-- Default suite -->
</testng-results>
